<?xml version="1.0" encoding="UTF-8"?>
<testsuite name="com.bridgelabz.InvoiceGeneratorTest" tests="1" skipped="0" failures="0" errors="0" timestamp="2021-08-13T04:42:26" hostname="LAPTOP-OAL4VNNE" time="0.485">
  <properties/>
  <testcase name="givenDistanceTime_shouldReturnTotalFare" classname="com.bridgelabz.InvoiceGeneratorTest" time="0.485"/>
  <system-out><![CDATA[]]></system-out>
  <system-err><![CDATA[]]></system-err>
</testsuite>
